running script .inner_tools/git_push...
$0:.inner_tools/git_push
$1:/Users/samingzhong/Library/Application Support/Google/AndroidStudio2021.2
exit_if_target_dir_not_exit...
--------------- ⏫⏫⏫⏫⏫ 目标仓库：/Users/samingzhong/Library/Application Support/Google/AndroidStudio2021.2 ⏫⏫⏫⏫⏫ ----------------
--------------- ⏫⏫⏫⏫⏫ push 开始执行[2022-07-11 18:16:31] ⏫⏫⏫⏫⏫ ----------------
当前目录:/Users/samingzhong/Library/Application Support/Google/AndroidStudio2021.2
The following paths are ignored by one of your .gitignore files:
options
plugins
port
port.lock
tasks
updatedBrokenPlugins.db
user.token
workspace
hint: Use -f if you really want to add them.
hint: Turn this message off by running
hint: "git config advice.addIgnoredFile false"
fatal: No pathspec was given. Which files should I remove?
[master 2c3d55c] 自动同步(push)[at 2022-07-11 18:16:31]
 1 file changed, 19 insertions(+)
 create mode 100644 .syn.log
To github.com:samingzhong/Android-Studios-Setting.git
   f973f7a..2c3d55c  master -> master
--------------- ⏫⏫⏫⏫⏫ 目标仓库：/Users/samingzhong/Library/Application Support/Google/AndroidStudio2021.2 ⏫⏫⏫⏫⏫ ----------------
--------------- ⏫⏫⏫⏫⏫ push 执行结束时间[2022-07-11 18:16:35] ⏫⏫⏫⏫⏫ ----------------

running script .inner_tools/git_push...
$0:.inner_tools/git_push
$1:/Users/samingzhong/Library/Application Support/Google/AndroidStudio2021.2
exit_if_target_dir_not_exit...
--------------- ⏫⏫⏫⏫⏫ 目标仓库：/Users/samingzhong/Library/Application Support/Google/AndroidStudio2021.2 ⏫⏫⏫⏫⏫ ----------------
--------------- ⏫⏫⏫⏫⏫ push 开始执行[2022-07-11 18:17:37] ⏫⏫⏫⏫⏫ ----------------
当前目录:/Users/samingzhong/Library/Application Support/Google/AndroidStudio2021.2
The following paths are ignored by one of your .gitignore files:
options
plugins
port
port.lock
tasks
updatedBrokenPlugins.db
user.token
workspace
hint: Use -f if you really want to add them.
hint: Turn this message off by running
hint: "git config advice.addIgnoredFile false"
fatal: No pathspec was given. Which files should I remove?
[master c3e7e5f] 自动同步(push)[at 2022-07-11 18:17:37]
 2 files changed, 28 insertions(+), 363 deletions(-)
 delete mode 100644 syn.log
To github.com:samingzhong/Android-Studios-Setting.git
   2c3d55c..c3e7e5f  master -> master
--------------- ⏫⏫⏫⏫⏫ 目标仓库：/Users/samingzhong/Library/Application Support/Google/AndroidStudio2021.2 ⏫⏫⏫⏫⏫ ----------------
--------------- ⏫⏫⏫⏫⏫ push 执行结束时间[2022-07-11 18:17:41] ⏫⏫⏫⏫⏫ ----------------

running script .inner_tools/git_push...
$0:.inner_tools/git_push
$1:/Users/samingzhong/Library/Application Support/Google/AndroidStudio2021.2
exit_if_target_dir_not_exit...
--------------- ⏫⏫⏫⏫⏫ 目标仓库：/Users/samingzhong/Library/Application Support/Google/AndroidStudio2021.2 ⏫⏫⏫⏫⏫ ----------------
--------------- ⏫⏫⏫⏫⏫ push 开始执行[2022-07-11 18:19:26] ⏫⏫⏫⏫⏫ ----------------
当前目录:/Users/samingzhong/Library/Application Support/Google/AndroidStudio2021.2
The following paths are ignored by one of your .gitignore files:
options
plugins
port
port.lock
tasks
updatedBrokenPlugins.db
user.token
workspace
hint: Use -f if you really want to add them.
hint: Turn this message off by running
hint: "git config advice.addIgnoredFile false"
fatal: No pathspec was given. Which files should I remove?
[master 0f3c6ae] 自动同步(push)[at 2022-07-11 18:19:26]
 1 file changed, 19 insertions(+)
To github.com:samingzhong/Android-Studios-Setting.git
   20c4c34..0f3c6ae  master -> master
--------------- ⏫⏫⏫⏫⏫ 目标仓库：/Users/samingzhong/Library/Application Support/Google/AndroidStudio2021.2 ⏫⏫⏫⏫⏫ ----------------
--------------- ⏫⏫⏫⏫⏫ push 执行结束时间[2022-07-11 18:19:30] ⏫⏫⏫⏫⏫ ----------------

running script .inner_tools/git_push...
$0:.inner_tools/git_push
$1:/Users/samingzhong/Library/Application Support/Google/AndroidStudio2021.2
exit_if_target_dir_not_exit...
--------------- ⏫⏫⏫⏫⏫ 目标仓库：/Users/samingzhong/Library/Application Support/Google/AndroidStudio2021.2 ⏫⏫⏫⏫⏫ ----------------
--------------- ⏫⏫⏫⏫⏫ push 开始执行[2022-07-11 18:57:16] ⏫⏫⏫⏫⏫ ----------------
当前目录:/Users/samingzhong/Library/Application Support/Google/AndroidStudio2021.2
The following paths are ignored by one of your .gitignore files:
options
plugins
port
port.lock
tasks
updatedBrokenPlugins.db
user.token
workspace
hint: Use -f if you really want to add them.
hint: Turn this message off by running
hint: "git config advice.addIgnoredFile false"
fatal: No pathspec was given. Which files should I remove?
[master 73aa9ca] 自动同步(push)[at 2022-07-11 18:57:16]
 1 file changed, 19 insertions(+)
To github.com:samingzhong/Android-Studios-Setting.git
   4a5e083..73aa9ca  master -> master
--------------- ⏫⏫⏫⏫⏫ 目标仓库：/Users/samingzhong/Library/Application Support/Google/AndroidStudio2021.2 ⏫⏫⏫⏫⏫ ----------------
--------------- ⏫⏫⏫⏫⏫ push 执行结束时间[2022-07-11 18:57:22] ⏫⏫⏫⏫⏫ ----------------

running script .inner_tools/git_push...
$0:.inner_tools/git_push
$1:/Users/samingzhong/Library/Application Support/Google/AndroidStudio2021.2
exit_if_target_dir_not_exit...
--------------- ⏫⏫⏫⏫⏫ 目标仓库：/Users/samingzhong/Library/Application Support/Google/AndroidStudio2021.2 ⏫⏫⏫⏫⏫ ----------------
--------------- ⏫⏫⏫⏫⏫ push 开始执行[2022-07-11 20:27:36] ⏫⏫⏫⏫⏫ ----------------
当前目录:/Users/samingzhong/Library/Application Support/Google/AndroidStudio2021.2
The following paths are ignored by one of your .gitignore files:
options
plugins
port
port.lock
tasks
updatedBrokenPlugins.db
user.token
workspace
hint: Use -f if you really want to add them.
hint: Turn this message off by running
hint: "git config advice.addIgnoredFile false"
fatal: No pathspec was given. Which files should I remove?
[master 7391240] 自动同步(push)[at 2022-07-11 20:27:37]
 1 file changed, 19 insertions(+)
To github.com:samingzhong/Android-Studios-Setting.git
   a92f5a7..7391240  master -> master
--------------- ⏫⏫⏫⏫⏫ 目标仓库：/Users/samingzhong/Library/Application Support/Google/AndroidStudio2021.2 ⏫⏫⏫⏫⏫ ----------------
--------------- ⏫⏫⏫⏫⏫ push 执行结束时间[2022-07-11 20:27:40] ⏫⏫⏫⏫⏫ ----------------

running script .inner_tools/git_push...
$0:.inner_tools/git_push
$1:/Users/samingzhong/Library/Application Support/Google/AndroidStudio2021.2
exit_if_target_dir_not_exit...
--------------- ⏫⏫⏫⏫⏫ 目标仓库：/Users/samingzhong/Library/Application Support/Google/AndroidStudio2021.2 ⏫⏫⏫⏫⏫ ----------------
--------------- ⏫⏫⏫⏫⏫ push 开始执行[2022-07-11 20:30:26] ⏫⏫⏫⏫⏫ ----------------
当前目录:/Users/samingzhong/Library/Application Support/Google/AndroidStudio2021.2
The following paths are ignored by one of your .gitignore files:
options
plugins
port
port.lock
tasks
updatedBrokenPlugins.db
user.token
workspace
hint: Use -f if you really want to add them.
hint: Turn this message off by running
hint: "git config advice.addIgnoredFile false"
fatal: No pathspec was given. Which files should I remove?
[master cd0032a] 自动同步(push)[at 2022-07-11 20:30:26]
 1 file changed, 19 insertions(+)
To github.com:samingzhong/Android-Studios-Setting.git
   4a4f3d7..cd0032a  master -> master
--------------- ⏫⏫⏫⏫⏫ 目标仓库：/Users/samingzhong/Library/Application Support/Google/AndroidStudio2021.2 ⏫⏫⏫⏫⏫ ----------------
--------------- ⏫⏫⏫⏫⏫ push 执行结束时间[2022-07-11 20:30:30] ⏫⏫⏫⏫⏫ ----------------

running script .inner_tools/git_push...
$0:.inner_tools/git_push
$1:/Users/samingzhong/Library/Application Support/Google/AndroidStudio2021.2
exit_if_target_dir_not_exit...
--------------- ⏫⏫⏫⏫⏫ 目标仓库：/Users/samingzhong/Library/Application Support/Google/AndroidStudio2021.2 ⏫⏫⏫⏫⏫ ----------------
--------------- ⏫⏫⏫⏫⏫ push 开始执行[2022-07-11 20:33:59] ⏫⏫⏫⏫⏫ ----------------
当前目录:/Users/samingzhong/Library/Application Support/Google/AndroidStudio2021.2
The following paths are ignored by one of your .gitignore files:
options
plugins
port
port.lock
tasks
updatedBrokenPlugins.db
user.token
workspace
hint: Use -f if you really want to add them.
hint: Turn this message off by running
hint: "git config advice.addIgnoredFile false"
fatal: No pathspec was given. Which files should I remove?
[master 795f4ba] 自动同步(push)[at 2022-07-11 20:33:59]
 1 file changed, 19 insertions(+)
To github.com:samingzhong/Android-Studios-Setting.git
   ec83a9c..795f4ba  master -> master
--------------- ⏫⏫⏫⏫⏫ 目标仓库：/Users/samingzhong/Library/Application Support/Google/AndroidStudio2021.2 ⏫⏫⏫⏫⏫ ----------------
--------------- ⏫⏫⏫⏫⏫ push 执行结束时间[2022-07-11 20:34:03] ⏫⏫⏫⏫⏫ ----------------

running script .inner_tools/git_push...
$0:.inner_tools/git_push
$1:/Users/samingzhong/Library/Application Support/Google/AndroidStudio2021.2
exit_if_target_dir_not_exit...
--------------- ⏫⏫⏫⏫⏫ 目标仓库：/Users/samingzhong/Library/Application Support/Google/AndroidStudio2021.2 ⏫⏫⏫⏫⏫ ----------------
--------------- ⏫⏫⏫⏫⏫ push 开始执行[2022-07-11 20:50:24] ⏫⏫⏫⏫⏫ ----------------
当前目录:/Users/samingzhong/Library/Application Support/Google/AndroidStudio2021.2
The following paths are ignored by one of your .gitignore files:
options
plugins
port
port.lock
tasks
updatedBrokenPlugins.db
user.token
workspace
hint: Use -f if you really want to add them.
hint: Turn this message off by running
hint: "git config advice.addIgnoredFile false"
fatal: No pathspec was given. Which files should I remove?
[master 113c10f] 自动同步(push)[at 2022-07-11 20:50:24]
 2 files changed, 134 insertions(+)
 create mode 100644 Default.xml
To github.com:samingzhong/Android-Studios-Setting.git
   5ce7420..113c10f  master -> master
--------------- ⏫⏫⏫⏫⏫ 目标仓库：/Users/samingzhong/Library/Application Support/Google/AndroidStudio2021.2 ⏫⏫⏫⏫⏫ ----------------
--------------- ⏫⏫⏫⏫⏫ push 执行结束时间[2022-07-11 20:50:28] ⏫⏫⏫⏫⏫ ----------------

